I, [2018-04-08T21:11:36.927656 #8203]  INFO -- Kitchen: -----> Starting Kitchen (v1.16.0)
E, [2018-04-08T21:11:36.928032 #8203] ERROR -- Kitchen: ------Exception-------
E, [2018-04-08T21:11:36.928070 #8203] ERROR -- Kitchen: Class: Kitchen::UserError
E, [2018-04-08T21:11:36.928090 #8203] ERROR -- Kitchen: Message: Kitchen YAML file /Users/erinpolsfoot/Chef/gem-server/recipes/.kitchen.yml does not exist.
E, [2018-04-08T21:11:36.928126 #8203] ERROR -- Kitchen: ----------------------
E, [2018-04-08T21:11:36.928151 #8203] ERROR -- Kitchen: ------Backtrace-------
E, [2018-04-08T21:11:36.928166 #8203] ERROR -- Kitchen: /Users/erinpolsfoot/.rvm/gems/ruby-2.3.1/gems/test-kitchen-1.16.0/lib/kitchen/loader/yaml.rb:71:in `read'
E, [2018-04-08T21:11:36.928181 #8203] ERROR -- Kitchen: /Users/erinpolsfoot/.rvm/gems/ruby-2.3.1/gems/test-kitchen-1.16.0/lib/kitchen/config.rb:152:in `data'
E, [2018-04-08T21:11:36.928216 #8203] ERROR -- Kitchen: /Users/erinpolsfoot/.rvm/gems/ruby-2.3.1/gems/test-kitchen-1.16.0/lib/kitchen/config.rb:131:in `suites'
E, [2018-04-08T21:11:36.928232 #8203] ERROR -- Kitchen: /Users/erinpolsfoot/.rvm/gems/ruby-2.3.1/gems/test-kitchen-1.16.0/lib/kitchen/config.rb:182:in `filter_instances'
E, [2018-04-08T21:11:36.928247 #8203] ERROR -- Kitchen: /Users/erinpolsfoot/.rvm/gems/ruby-2.3.1/gems/test-kitchen-1.16.0/lib/kitchen/config.rb:141:in `build_instances'
E, [2018-04-08T21:11:36.928262 #8203] ERROR -- Kitchen: /Users/erinpolsfoot/.rvm/gems/ruby-2.3.1/gems/test-kitchen-1.16.0/lib/kitchen/config.rb:117:in `instances'
E, [2018-04-08T21:11:36.928277 #8203] ERROR -- Kitchen: /Users/erinpolsfoot/.rvm/gems/ruby-2.3.1/gems/test-kitchen-1.16.0/lib/kitchen/command.rb:112:in `filtered_instances'
E, [2018-04-08T21:11:36.928295 #8203] ERROR -- Kitchen: /Users/erinpolsfoot/.rvm/gems/ruby-2.3.1/gems/test-kitchen-1.16.0/lib/kitchen/command.rb:142:in `parse_subcommand'
E, [2018-04-08T21:11:36.928311 #8203] ERROR -- Kitchen: /Users/erinpolsfoot/.rvm/gems/ruby-2.3.1/gems/test-kitchen-1.16.0/lib/kitchen/command/action.rb:35:in `block in call'
E, [2018-04-08T21:11:36.928326 #8203] ERROR -- Kitchen: /Users/erinpolsfoot/.rvm/rubies/ruby-2.3.1/lib/ruby/2.3.0/benchmark.rb:293:in `measure'
E, [2018-04-08T21:11:36.928341 #8203] ERROR -- Kitchen: /Users/erinpolsfoot/.rvm/gems/ruby-2.3.1/gems/test-kitchen-1.16.0/lib/kitchen/command/action.rb:34:in `call'
E, [2018-04-08T21:11:36.928356 #8203] ERROR -- Kitchen: /Users/erinpolsfoot/.rvm/gems/ruby-2.3.1/gems/test-kitchen-1.16.0/lib/kitchen/cli.rb:53:in `perform'
E, [2018-04-08T21:11:36.928370 #8203] ERROR -- Kitchen: /Users/erinpolsfoot/.rvm/gems/ruby-2.3.1/gems/test-kitchen-1.16.0/lib/kitchen/cli.rb:187:in `block (2 levels) in <class:CLI>'
E, [2018-04-08T21:11:36.928385 #8203] ERROR -- Kitchen: /Users/erinpolsfoot/.rvm/gems/ruby-2.3.1/gems/thor-0.19.1/lib/thor/command.rb:27:in `run'
E, [2018-04-08T21:11:36.928400 #8203] ERROR -- Kitchen: /Users/erinpolsfoot/.rvm/gems/ruby-2.3.1/gems/thor-0.19.1/lib/thor/invocation.rb:126:in `invoke_command'
E, [2018-04-08T21:11:36.928414 #8203] ERROR -- Kitchen: /Users/erinpolsfoot/.rvm/gems/ruby-2.3.1/gems/test-kitchen-1.16.0/lib/kitchen/cli.rb:334:in `invoke_task'
E, [2018-04-08T21:11:36.928429 #8203] ERROR -- Kitchen: /Users/erinpolsfoot/.rvm/gems/ruby-2.3.1/gems/thor-0.19.1/lib/thor.rb:359:in `dispatch'
E, [2018-04-08T21:11:36.928447 #8203] ERROR -- Kitchen: /Users/erinpolsfoot/.rvm/gems/ruby-2.3.1/gems/thor-0.19.1/lib/thor/base.rb:440:in `start'
E, [2018-04-08T21:11:36.928462 #8203] ERROR -- Kitchen: /Users/erinpolsfoot/.rvm/gems/ruby-2.3.1/gems/test-kitchen-1.16.0/bin/kitchen:13:in `block in <top (required)>'
E, [2018-04-08T21:11:36.928477 #8203] ERROR -- Kitchen: /Users/erinpolsfoot/.rvm/gems/ruby-2.3.1/gems/test-kitchen-1.16.0/lib/kitchen/errors.rb:171:in `with_friendly_errors'
E, [2018-04-08T21:11:36.928491 #8203] ERROR -- Kitchen: /Users/erinpolsfoot/.rvm/gems/ruby-2.3.1/gems/test-kitchen-1.16.0/bin/kitchen:13:in `<top (required)>'
E, [2018-04-08T21:11:36.928506 #8203] ERROR -- Kitchen: /Users/erinpolsfoot/.rvm/gems/ruby-2.3.1/bin/kitchen:22:in `load'
E, [2018-04-08T21:11:36.928520 #8203] ERROR -- Kitchen: /Users/erinpolsfoot/.rvm/gems/ruby-2.3.1/bin/kitchen:22:in `<main>'
E, [2018-04-08T21:11:36.928550 #8203] ERROR -- Kitchen: /Users/erinpolsfoot/.rvm/gems/ruby-2.3.1/bin/ruby_executable_hooks:15:in `eval'
E, [2018-04-08T21:11:36.928566 #8203] ERROR -- Kitchen: /Users/erinpolsfoot/.rvm/gems/ruby-2.3.1/bin/ruby_executable_hooks:15:in `<main>'
E, [2018-04-08T21:11:36.928581 #8203] ERROR -- Kitchen: ----End Backtrace-----
